Build started 05-01-2014 15:25:46.
     1>Project "C:\Users\Carlos Tavares\Documents\Visual Studio 2013\Projects\True_GUI\True_GUI\True_GUI.vcxproj" on node 2 (Build target(s)).
     1>ClCompile:
         C:\Program Files (x86)\Microsoft Visual Studio 12.0\VC\bin\CL.exe /c /ZI /nologo /W3 /WX- /sdl /Od /Oy- /D _MBCS /Gm /EHsc /RTC1 /MTd /GS /fp:precise /Zc:wchar_t /Zc:forScope /Fo"Debug\\" /Fd"Debug\vc120.pdb" /Gd /TP /analyze- /errorReport:prompt ButtonWidget.cpp Gui.cpp TextBoxWidget.cpp TextWidget.cpp Widget.cpp WidgetContainer.cpp
         WidgetContainer.cpp
     1>c:\users\carlos tavares\documents\visual studio 2013\projects\true_gui\true_gui\widgetcontainer.cpp(55): warning C4244: 'argument' : conversion from 'GLfloat' to 'int', possible loss of data
     1>c:\users\carlos tavares\documents\visual studio 2013\projects\true_gui\true_gui\widgetcontainer.cpp(60): warning C4244: 'argument' : conversion from 'GLfloat' to 'int', possible loss of data
     1>c:\users\carlos tavares\documents\visual studio 2013\projects\true_gui\true_gui\widgetcontainer.cpp(78): warning C4244: 'argument' : conversion from 'GLfloat' to 'int', possible loss of data
     1>c:\users\carlos tavares\documents\visual studio 2013\projects\true_gui\true_gui\widgetcontainer.cpp(88): warning C4244: 'argument' : conversion from 'GLfloat' to 'int', possible loss of data
     1>c:\users\carlos tavares\documents\visual studio 2013\projects\true_gui\true_gui\widgetcontainer.cpp(197): warning C4244: 'return' : conversion from 'GLfloat' to 'int', possible loss of data
     1>c:\users\carlos tavares\documents\visual studio 2013\projects\true_gui\true_gui\widgetcontainer.cpp(201): warning C4244: 'return' : conversion from 'GLfloat' to 'int', possible loss of data
         Widget.cpp
         TextWidget.cpp
     1>c:\users\carlos tavares\documents\visual studio 2013\projects\true_gui\true_gui\textwidget.cpp(43): warning C4244: '=' : conversion from 'int' to 'GLfloat', possible loss of data
     1>c:\users\carlos tavares\documents\visual studio 2013\projects\true_gui\true_gui\textwidget.cpp(44): warning C4244: '=' : conversion from 'int' to 'GLfloat', possible loss of data
     1>c:\users\carlos tavares\documents\visual studio 2013\projects\true_gui\true_gui\textwidget.cpp(79): warning C4244: 'initializing' : conversion from 'unsigned int' to 'GLfloat', possible loss of data
         TextBoxWidget.cpp
     1>c:\users\carlos tavares\documents\visual studio 2013\projects\true_gui\true_gui\textboxwidget.cpp(21): warning C4244: '=' : conversion from 'int' to 'GLfloat', possible loss of data
     1>c:\users\carlos tavares\documents\visual studio 2013\projects\true_gui\true_gui\textboxwidget.cpp(108): warning C4018: '>' : signed/unsigned mismatch
     1>c:\users\carlos tavares\documents\visual studio 2013\projects\true_gui\true_gui\textboxwidget.cpp(127): warning C4018: '<' : signed/unsigned mismatch
     1>c:\users\carlos tavares\documents\visual studio 2013\projects\true_gui\true_gui\textboxwidget.cpp(140): warning C4244: '=' : conversion from 'int' to 'GLfloat', possible loss of data
         Gui.cpp
         ButtonWidget.cpp
     1>c:\users\carlos tavares\documents\visual studio 2013\projects\true_gui\true_gui\buttonwidget.cpp(41): warning C4244: 'argument' : conversion from 'double' to 'GLfloat', possible loss of data
     1>c:\users\carlos tavares\documents\visual studio 2013\projects\true_gui\true_gui\buttonwidget.cpp(41): warning C4305: 'argument' : truncation from 'double' to 'GLfloat'
     1>c:\users\carlos tavares\documents\visual studio 2013\projects\true_gui\true_gui\buttonwidget.cpp(101): warning C4244: 'return' : conversion from 'GLfloat' to 'int', possible loss of data
     1>c:\users\carlos tavares\documents\visual studio 2013\projects\true_gui\true_gui\buttonwidget.cpp(105): warning C4244: 'return' : conversion from 'GLfloat' to 'int', possible loss of data
         Generating Code...
       Lib:
         C:\Program Files (x86)\Microsoft Visual Studio 12.0\VC\bin\Lib.exe /OUT:"C:\Users\Carlos Tavares\Documents\Visual Studio 2013\Projects\True_GUI\Debug\True_GUI.lib" /NOLOGO Debug\ButtonWidget.obj
         Debug\Gui.obj
         Debug\TextBoxWidget.obj
         Debug\TextWidget.obj
         Debug\Widget.obj
         Debug\WidgetContainer.obj
         True_GUI.vcxproj -> C:\Users\Carlos Tavares\Documents\Visual Studio 2013\Projects\True_GUI\Debug\True_GUI.lib
     1>Done Building Project "C:\Users\Carlos Tavares\Documents\Visual Studio 2013\Projects\True_GUI\True_GUI\True_GUI.vcxproj" (Build target(s)).

Build succeeded.

Time Elapsed 00:00:05.93
