C:\USERS\PIPOKID\DESKTOP\SOCIALGAME\CROSSWEBSOCIALGAME\CPPHTTPCOMMUNICATION\EXAMPLEPROJECT\PROJECT2\DEBUG\CURLHELPER.OBJ
C:\USERS\PIPOKID\DESKTOP\SOCIALGAME\CROSSWEBSOCIALGAME\CPPHTTPCOMMUNICATION\EXAMPLEPROJECT\PROJECT2\DEBUG\SOURCE.OBJ
C:\USERS\PIPOKID\DESKTOP\SOCIALGAME\CROSSWEBSOCIALGAME\CPPHTTPCOMMUNICATION\EXAMPLEPROJECT\PROJECT2\DEBUG\VC110.PDB
C:\USERS\PIPOKID\DESKTOP\SOCIALGAME\CPPHTTPCOMMUNICATION\EXAMPLEPROJECT\PROJECT2\DEBUG\CURLHELPER.OBJ
C:\USERS\PIPOKID\DESKTOP\SOCIALGAME\CPPHTTPCOMMUNICATION\EXAMPLEPROJECT\PROJECT2\DEBUG\SOURCE.OBJ
C:\USERS\PIPOKID\DESKTOP\SOCIALGAME\CPPHTTPCOMMUNICATION\EXAMPLEPROJECT\PROJECT2\DEBUG\VC110.PDB
C:\USERS\PIPOKID\DESKTOP\SOCIALGAME\CPPHTTPCOMMUNICATION\EXAMPLEPROJECT\PROJECT2\DEBUG\INTERFACETOPHP.OBJ
C:\USERS\PIPOKID\DESKTOP\SOCIALGAME\CPPHTTPCOMMUNICATION\EXAMPLEPROJECT\PROJECT2\DEBUG\MOOD.OBJ
C:\USERS\PIPOKID\DESKTOP\SOCIALGAME\CROSSWEBSOCIALGAME\CPPHTTPCOMMUNICATION\EXAMPLEPROJECT\DEBUG\PROJECT2.ILK
C:\USERS\PIPOKID\DESKTOP\SOCIALGAME\CROSSWEBSOCIALGAME\CPPHTTPCOMMUNICATION\EXAMPLEPROJECT\DEBUG\PROJECT2.EXE
C:\USERS\PIPOKID\DESKTOP\SOCIALGAME\CROSSWEBSOCIALGAME\CPPHTTPCOMMUNICATION\EXAMPLEPROJECT\DEBUG\PROJECT2.PDB
C:\USERS\PIPOKID\DESKTOP\SOCIALGAME\CPPHTTPCOMMUNICATION\EXAMPLEPROJECT\DEBUG\PROJECT2.ILK
C:\USERS\PIPOKID\DESKTOP\SOCIALGAME\CPPHTTPCOMMUNICATION\EXAMPLEPROJECT\DEBUG\PROJECT2.EXE
C:\USERS\PIPOKID\DESKTOP\SOCIALGAME\CPPHTTPCOMMUNICATION\EXAMPLEPROJECT\DEBUG\PROJECT2.PDB
C:\Users\PIPOKID\Desktop\SocialGame\CppHttpCommunication\ExampleProject\Project2\Debug\CurlHelper.obj
C:\Users\PIPOKID\Desktop\SocialGame\CppHttpCommunication\ExampleProject\Project2\Debug\InterfaceToPHP.obj
C:\Users\PIPOKID\Desktop\SocialGame\CppHttpCommunication\ExampleProject\Project2\Debug\Mood.obj
C:\Users\PIPOKID\Desktop\SocialGame\CppHttpCommunication\ExampleProject\Project2\Debug\cl.command.1.tlog
C:\Users\PIPOKID\Desktop\SocialGame\CppHttpCommunication\ExampleProject\Project2\Debug\CL.read.1.tlog
C:\Users\PIPOKID\Desktop\SocialGame\CppHttpCommunication\ExampleProject\Project2\Debug\CL.write.1.tlog
C:\Users\PIPOKID\Desktop\SocialGame\CppHttpCommunication\ExampleProject\Project2\Debug\link-cvtres.read.1.tlog
C:\Users\PIPOKID\Desktop\SocialGame\CppHttpCommunication\ExampleProject\Project2\Debug\link-cvtres.write.1.tlog
C:\Users\PIPOKID\Desktop\SocialGame\CppHttpCommunication\ExampleProject\Project2\Debug\link-rc.read.1.tlog
C:\Users\PIPOKID\Desktop\SocialGame\CppHttpCommunication\ExampleProject\Project2\Debug\link-rc.write.1.tlog
C:\Users\PIPOKID\Desktop\SocialGame\CppHttpCommunication\ExampleProject\Project2\Debug\link.command.1.tlog
C:\Users\PIPOKID\Desktop\SocialGame\CppHttpCommunication\ExampleProject\Project2\Debug\link.read.1.tlog
C:\Users\PIPOKID\Desktop\SocialGame\CppHttpCommunication\ExampleProject\Project2\Debug\link.write.1.tlog
C:\Users\PIPOKID\Desktop\SocialGame\CppHttpCommunication\ExampleProject\Project2\Debug\vc110.idb
C:\Users\PIPOKID\Desktop\SocialGame\CppHttpCommunication\ExampleProject\Project2\Debug\vc110.pdb
C:\Users\PIPOKID\Desktop\SocialGame\CppHttpCommunication\ExampleProject\Debug\Project2.pdb
C:\Users\PIPOKID\Desktop\SocialGame\CppHttpCommunication\ExampleProject\Debug\Project2.exe
C:\Users\PIPOKID\Desktop\SocialGame\CppHttpCommunication\ExampleProject\Debug\Project2.ilk
